
-------5/26/2022, 9:32:58 AM------
start update this season

-------5/26/2022, 9:32:58 AM------
updated this season to 2021-2022

-------5/26/2022, 9:32:59 AM------
start update club tournament & event

-------5/26/2022, 9:40:25 AM------
start update this season

-------5/26/2022, 9:40:25 AM------
updated this season to 2021-2022

-------5/26/2022, 9:40:26 AM------
start update club grade

-------5/26/2022, 9:45:09 AM------
start update this season

-------5/26/2022, 9:45:09 AM------
updated this season to 2021-2022

-------5/26/2022, 9:46:09 AM------
start update this season

-------5/26/2022, 9:46:09 AM------
updated this season to 2021-2022

-------5/26/2022, 9:47:09 AM------
start update this season

-------5/26/2022, 9:47:09 AM------
updated this season to 2021-2022

-------5/26/2022, 9:47:09 AM------
start update eligible list

-------5/26/2022, 9:52:57 AM------
start update this season

-------5/26/2022, 9:52:57 AM------
updated this season to 2021-2022

-------5/26/2022, 9:53:58 AM------
start update this season

-------5/26/2022, 9:53:58 AM------
updated this season to 2021-2022

-------5/26/2022, 9:54:25 AM------
start update this season

-------5/26/2022, 9:54:25 AM------
updated this season to 2021-2022

-------5/26/2022, 9:54:35 AM------
start update this season

-------5/26/2022, 9:54:35 AM------
updated this season to 2021-2022

-------5/26/2022, 9:54:35 AM------
start update club grade

-------5/26/2022, 10:02:40 AM------
start update this season

-------5/26/2022, 10:02:40 AM------
updated this season to 2021-2022

-------5/26/2022, 10:02:50 AM------
start update this season

-------5/26/2022, 10:02:50 AM------
updated this season to 2021-2022

-------5/26/2022, 10:03:14 AM------
start update this season

-------5/26/2022, 10:03:15 AM------
updated this season to 2021-2022

-------5/26/2022, 10:03:25 AM------
start update this season

-------5/26/2022, 10:03:25 AM------
updated this season to 2021-2022

-------5/26/2022, 10:03:25 AM------
start update club grade

-------5/26/2022, 10:04:59 AM------
start update this season

-------5/26/2022, 10:04:59 AM------
updated this season to 2021-2022

-------5/26/2022, 10:05:09 AM------
start update this season

-------5/26/2022, 10:05:09 AM------
updated this season to 2021-2022

-------5/26/2022, 10:05:19 AM------
start update this season

-------5/26/2022, 10:05:19 AM------
updated this season to 2021-2022

-------5/26/2022, 10:05:26 AM------
start update club grade

-------5/26/2022, 10:05:29 AM------
updated club grade list successfully

-------5/26/2022, 10:05:39 AM------
start update this season

-------5/26/2022, 10:05:39 AM------
updated this season to 2021-2022

-------5/26/2022, 10:06:06 AM------
start update this season

-------5/26/2022, 10:18:44 AM------
start update this season

-------5/26/2022, 10:18:44 AM------
updated this season to 2021-2022

-------5/26/2022, 10:18:44 AM------
start update club tournament & event

-------5/26/2022, 10:19:02 AM------
start update this season

-------5/26/2022, 10:19:02 AM------
updated this season to 2021-2022

-------5/26/2022, 10:19:02 AM------
start update club grade

-------5/26/2022, 10:21:45 AM------
start update this season

-------5/26/2022, 10:21:45 AM------
updated this season to 2021-2022

-------5/26/2022, 10:21:46 AM------
start update club tournament & event

-------5/26/2022, 10:22:18 AM------
start update this season

-------5/26/2022, 10:22:18 AM------
updated this season to 2021-2022

-------5/26/2022, 10:22:19 AM------
start update club grade

-------5/26/2022, 11:53:45 AM------
start update eligible list

-------5/26/2022, 11:54:20 AM------
updated eligible list successfully

-------5/26/2022, 11:55:08 AM------
start update eligible list

-------5/26/2022, 12:07:26 PM------
start update eligible list

-------5/26/2022, 12:15:19 PM------
start update eligible list

-------5/26/2022, 12:15:59 PM------
start update eligible list

-------5/26/2022, 12:20:53 PM------
start update eligible list

-------5/26/2022, 12:21:10 PM------
start update eligible list

-------5/26/2022, 12:22:26 PM------
start update eligible list

-------5/26/2022, 12:22:32 PM------
updated eligible list successfully

-------5/26/2022, 12:48:40 PM------
start update eligible list

-------5/26/2022, 12:48:59 PM------
start update eligible list

-------5/26/2022, 12:49:13 PM------
start update eligible list

-------5/26/2022, 7:02:03 PM------
start update club tournament & event

-------5/26/2022, 7:02:03 PM------
check tournament Silicon Valley RYC/RCC

-------5/26/2022, 7:02:03 PM------
check tournament Silicon Valley RYC/RCC - Cadet Men’s Foil (CDTMF)

-------5/26/2022, 7:02:13 PM------
check tournament Silicon Valley RYC/RCC - Cadet Women’s Foil (CDTWF)

-------5/26/2022, 7:02:23 PM------
check tournament Silicon Valley RYC/RCC - Cadet Men’s Epee (CDTME)

-------5/26/2022, 7:02:33 PM------
check tournament Silicon Valley RYC/RCC - Cadet Women’s Epee (CDTWE)

-------5/26/2022, 7:02:42 PM------
check tournament Silicon Valley RYC/RCC - Cadet Men’s Saber (CDTMS)

-------5/26/2022, 7:03:03 PM------
start update club tournament & event

-------5/26/2022, 7:03:03 PM------
check tournament Silicon Valley RYC/RCC

-------5/26/2022, 7:03:03 PM------
check tournament Silicon Valley RYC/RCC - Cadet Men’s Foil (CDTMF)

-------5/26/2022, 7:03:12 PM------
check tournament Silicon Valley RYC/RCC - Cadet Women’s Foil (CDTWF)

-------5/26/2022, 7:03:22 PM------
check tournament Silicon Valley RYC/RCC - Cadet Men’s Epee (CDTME)

-------5/26/2022, 7:03:32 PM------
check tournament Silicon Valley RYC/RCC - Cadet Women’s Epee (CDTWE)

-------5/26/2022, 7:03:42 PM------
check tournament Silicon Valley RYC/RCC - Cadet Men’s Saber (CDTMS)

-------5/26/2022, 7:03:51 PM------
check tournament Silicon Valley RYC/RCC - Cadet Women’s Saber (CDTWS)

-------5/26/2022, 7:04:01 PM------
check tournament Silicon Valley RYC/RCC - Youth 14 Men’s Foil (Y14MF)

-------5/26/2022, 7:04:11 PM------
check tournament Silicon Valley RYC/RCC - Youth 14 Women’s Foil (Y14WF)

-------5/26/2022, 7:04:21 PM------
check tournament Silicon Valley RYC/RCC - Youth 14 Men’s Epee (Y14ME)

-------5/26/2022, 7:04:30 PM------
check tournament Silicon Valley RYC/RCC - Youth 14 Women’s Epee (Y14WE)

-------5/26/2022, 7:04:40 PM------
check tournament Silicon Valley RYC/RCC - Youth 14 Men’s Saber (Y14MS)

-------5/26/2022, 7:04:50 PM------
check tournament Silicon Valley RYC/RCC - Youth 14 Women’s Saber (Y14WS)

-------5/26/2022, 7:04:59 PM------
check tournament Silicon Valley RYC/RCC - Youth 12 Men’s Foil (Y12MF)

-------5/26/2022, 7:05:09 PM------
check tournament Silicon Valley RYC/RCC - Youth 12 Women’s Foil (Y12WF)

-------5/26/2022, 7:05:18 PM------
check tournament Silicon Valley RYC/RCC - Youth 12 Men’s Epee (Y12ME)

-------5/26/2022, 7:05:27 PM------
check tournament Silicon Valley RYC/RCC - Youth 12 Women’s Epee (Y12WE)

-------5/26/2022, 7:05:36 PM------
check tournament Silicon Valley RYC/RCC - Youth 12 Men’s Saber (Y12MS)

-------5/26/2022, 7:05:45 PM------
check tournament Silicon Valley RYC/RCC - Youth 12 Women’s Saber (Y12WS)

-------5/26/2022, 7:05:55 PM------
check tournament Silicon Valley RYC/RCC - Youth 10 Men’s Foil (Y10MF)

-------5/26/2022, 7:06:04 PM------
check tournament Silicon Valley RYC/RCC - Youth 10 Women’s Foil (Y10WF)

-------5/26/2022, 7:06:13 PM------
check tournament Silicon Valley RYC/RCC - Youth 10 Men’s Epee (Y10ME)

-------5/26/2022, 7:06:23 PM------
check tournament Silicon Valley RYC/RCC - Youth 10 Women’s Epee (Y10WE)

-------5/26/2022, 7:06:32 PM------
check tournament Silicon Valley RYC/RCC - Youth 10 Men’s Saber (Y10MS)

-------5/26/2022, 7:06:41 PM------
check tournament Silicon Valley RYC/RCC - Youth 10 Women’s Saber (Y10WS)

-------5/26/2022, 7:06:51 PM------
updated club tournament & event successfully

-------5/26/2022, 7:07:51 PM------
start update club tournament & event

-------5/26/2022, 7:07:51 PM------
check tournament Silicon Valley RYC/RCC

-------5/26/2022, 7:07:51 PM------
check tournament Silicon Valley RYC/RCC - Cadet Men’s Foil (CDTMF)

-------5/26/2022, 7:08:00 PM------
check tournament Silicon Valley RYC/RCC - Cadet Women’s Foil (CDTWF)

-------5/26/2022, 7:08:10 PM------
check tournament Silicon Valley RYC/RCC - Cadet Men’s Epee (CDTME)

-------5/26/2022, 7:08:19 PM------
check tournament Silicon Valley RYC/RCC - Cadet Women’s Epee (CDTWE)

-------5/26/2022, 7:08:29 PM------
check tournament Silicon Valley RYC/RCC - Cadet Men’s Saber (CDTMS)

-------5/26/2022, 7:08:38 PM------
check tournament Silicon Valley RYC/RCC - Cadet Women’s Saber (CDTWS)

-------5/26/2022, 7:08:47 PM------
check tournament Silicon Valley RYC/RCC - Youth 14 Men’s Foil (Y14MF)

-------5/26/2022, 7:08:57 PM------
check tournament Silicon Valley RYC/RCC - Youth 14 Women’s Foil (Y14WF)

-------5/26/2022, 7:09:06 PM------
check tournament Silicon Valley RYC/RCC - Youth 14 Men’s Epee (Y14ME)

-------5/26/2022, 7:09:16 PM------
check tournament Silicon Valley RYC/RCC - Youth 14 Women’s Epee (Y14WE)

-------5/26/2022, 7:09:25 PM------
check tournament Silicon Valley RYC/RCC - Youth 14 Men’s Saber (Y14MS)

-------5/26/2022, 7:09:34 PM------
check tournament Silicon Valley RYC/RCC - Youth 14 Women’s Saber (Y14WS)

-------5/26/2022, 7:09:43 PM------
check tournament Silicon Valley RYC/RCC - Youth 12 Men’s Foil (Y12MF)

-------5/26/2022, 7:09:52 PM------
check tournament Silicon Valley RYC/RCC - Youth 12 Women’s Foil (Y12WF)

-------5/26/2022, 7:10:02 PM------
check tournament Silicon Valley RYC/RCC - Youth 12 Men’s Epee (Y12ME)

-------5/26/2022, 7:10:11 PM------
check tournament Silicon Valley RYC/RCC - Youth 12 Women’s Epee (Y12WE)

-------5/26/2022, 7:10:20 PM------
check tournament Silicon Valley RYC/RCC - Youth 12 Men’s Saber (Y12MS)

-------5/26/2022, 7:10:29 PM------
check tournament Silicon Valley RYC/RCC - Youth 12 Women’s Saber (Y12WS)

-------5/26/2022, 7:10:39 PM------
check tournament Silicon Valley RYC/RCC - Youth 10 Men’s Foil (Y10MF)

-------5/26/2022, 7:10:48 PM------
check tournament Silicon Valley RYC/RCC - Youth 10 Women’s Foil (Y10WF)

-------5/26/2022, 7:10:58 PM------
check tournament Silicon Valley RYC/RCC - Youth 10 Men’s Epee (Y10ME)

-------5/26/2022, 7:11:07 PM------
check tournament Silicon Valley RYC/RCC - Youth 10 Women’s Epee (Y10WE)

-------5/26/2022, 7:11:16 PM------
check tournament Silicon Valley RYC/RCC - Youth 10 Men’s Saber (Y10MS)

-------5/26/2022, 7:11:25 PM------
check tournament Silicon Valley RYC/RCC - Youth 10 Women’s Saber (Y10WS)

-------5/26/2022, 7:11:34 PM------
updated club tournament & event successfully

-------5/26/2022, 7:12:34 PM------
start update club tournament & event

-------5/26/2022, 7:12:35 PM------
check tournament Silicon Valley RYC/RCC

-------5/26/2022, 7:12:35 PM------
check tournament Silicon Valley RYC/RCC - Cadet Men’s Foil (CDTMF)

-------5/26/2022, 7:12:44 PM------
check tournament Silicon Valley RYC/RCC - Cadet Women’s Foil (CDTWF)

-------5/26/2022, 7:12:53 PM------
check tournament Silicon Valley RYC/RCC - Cadet Men’s Epee (CDTME)

-------5/26/2022, 7:13:03 PM------
check tournament Silicon Valley RYC/RCC - Cadet Women’s Epee (CDTWE)

-------5/26/2022, 7:13:12 PM------
check tournament Silicon Valley RYC/RCC - Cadet Men’s Saber (CDTMS)

-------5/26/2022, 7:13:21 PM------
check tournament Silicon Valley RYC/RCC - Cadet Women’s Saber (CDTWS)

-------5/26/2022, 7:13:31 PM------
check tournament Silicon Valley RYC/RCC - Youth 14 Men’s Foil (Y14MF)

-------5/26/2022, 7:13:40 PM------
check tournament Silicon Valley RYC/RCC - Youth 14 Women’s Foil (Y14WF)

-------5/26/2022, 7:13:49 PM------
check tournament Silicon Valley RYC/RCC - Youth 14 Men’s Epee (Y14ME)

-------5/26/2022, 7:13:59 PM------
check tournament Silicon Valley RYC/RCC - Youth 14 Women’s Epee (Y14WE)

-------5/26/2022, 7:14:08 PM------
check tournament Silicon Valley RYC/RCC - Youth 14 Men’s Saber (Y14MS)

-------5/26/2022, 7:14:18 PM------
check tournament Silicon Valley RYC/RCC - Youth 14 Women’s Saber (Y14WS)

-------5/26/2022, 7:14:27 PM------
check tournament Silicon Valley RYC/RCC - Youth 12 Men’s Foil (Y12MF)

-------5/26/2022, 7:14:36 PM------
check tournament Silicon Valley RYC/RCC - Youth 12 Women’s Foil (Y12WF)

-------5/26/2022, 7:14:45 PM------
check tournament Silicon Valley RYC/RCC - Youth 12 Men’s Epee (Y12ME)

-------5/26/2022, 7:14:55 PM------
check tournament Silicon Valley RYC/RCC - Youth 12 Women’s Epee (Y12WE)

-------5/26/2022, 7:15:04 PM------
check tournament Silicon Valley RYC/RCC - Youth 12 Men’s Saber (Y12MS)

-------5/26/2022, 7:15:14 PM------
check tournament Silicon Valley RYC/RCC - Youth 12 Women’s Saber (Y12WS)

-------5/26/2022, 7:15:23 PM------
check tournament Silicon Valley RYC/RCC - Youth 10 Men’s Foil (Y10MF)

-------5/26/2022, 7:15:32 PM------
check tournament Silicon Valley RYC/RCC - Youth 10 Women’s Foil (Y10WF)

-------5/26/2022, 7:15:42 PM------
check tournament Silicon Valley RYC/RCC - Youth 10 Men’s Epee (Y10ME)

-------5/26/2022, 7:15:51 PM------
check tournament Silicon Valley RYC/RCC - Youth 10 Women’s Epee (Y10WE)

-------5/26/2022, 7:16:01 PM------
check tournament Silicon Valley RYC/RCC - Youth 10 Men’s Saber (Y10MS)

-------5/26/2022, 7:16:10 PM------
check tournament Silicon Valley RYC/RCC - Youth 10 Women’s Saber (Y10WS)

-------5/26/2022, 7:16:19 PM------
start update Tournament notification

-------5/26/2022, 7:16:19 PM------
check tournament Designated Senior World Cup - Indiv & Team, Men’s Epee

-------5/26/2022, 7:16:19 PM------
updated Tournament notification successfully

-------5/26/2022, 7:18:40 PM------
start update eligible list

-------5/26/2022, 7:18:40 PM------
check 0th fencer 2

-------5/26/2022, 7:18:40 PM------
updated eligible list successfully

-------5/26/2022, 7:20:10 PM------
start update this season

-------5/26/2022, 7:20:10 PM------
updated this season to 2021-2022

-------5/26/2022, 7:20:11 PM------
start update Tournament notification

-------5/26/2022, 7:20:11 PM------
check tournament Designated Senior World Cup - Indiv & Team, Men’s Epee

-------5/26/2022, 7:20:11 PM------
start update club tournament & event

-------5/26/2022, 7:20:11 PM------
updated Tournament notification successfully

-------5/26/2022, 7:20:11 PM------
check tournament Silicon Valley RYC/RCC

-------5/26/2022, 7:20:11 PM------
check tournament Silicon Valley RYC/RCC - Cadet Men’s Foil (CDTMF)

-------5/26/2022, 7:20:20 PM------
check tournament Silicon Valley RYC/RCC - Cadet Women’s Foil (CDTWF)

-------5/26/2022, 7:20:29 PM------
check tournament Silicon Valley RYC/RCC - Cadet Men’s Epee (CDTME)

-------5/26/2022, 7:20:38 PM------
check tournament Silicon Valley RYC/RCC - Cadet Women’s Epee (CDTWE)

-------5/26/2022, 7:20:47 PM------
check tournament Silicon Valley RYC/RCC - Cadet Men’s Saber (CDTMS)

-------5/26/2022, 7:20:56 PM------
check tournament Silicon Valley RYC/RCC - Cadet Women’s Saber (CDTWS)

-------5/26/2022, 7:21:06 PM------
check tournament Silicon Valley RYC/RCC - Youth 14 Men’s Foil (Y14MF)

-------5/26/2022, 7:21:15 PM------
check tournament Silicon Valley RYC/RCC - Youth 14 Women’s Foil (Y14WF)

-------5/26/2022, 7:21:24 PM------
check tournament Silicon Valley RYC/RCC - Youth 14 Men’s Epee (Y14ME)

-------5/26/2022, 7:21:33 PM------
check tournament Silicon Valley RYC/RCC - Youth 14 Women’s Epee (Y14WE)

-------5/26/2022, 7:21:42 PM------
check tournament Silicon Valley RYC/RCC - Youth 14 Men’s Saber (Y14MS)

-------5/26/2022, 7:21:51 PM------
check tournament Silicon Valley RYC/RCC - Youth 14 Women’s Saber (Y14WS)

-------5/26/2022, 7:22:00 PM------
check tournament Silicon Valley RYC/RCC - Youth 12 Men’s Foil (Y12MF)

-------5/26/2022, 7:22:10 PM------
check tournament Silicon Valley RYC/RCC - Youth 12 Women’s Foil (Y12WF)

-------5/26/2022, 7:22:19 PM------
check tournament Silicon Valley RYC/RCC - Youth 12 Men’s Epee (Y12ME)

-------5/26/2022, 7:22:28 PM------
check tournament Silicon Valley RYC/RCC - Youth 12 Women’s Epee (Y12WE)

-------5/26/2022, 7:22:37 PM------
check tournament Silicon Valley RYC/RCC - Youth 12 Men’s Saber (Y12MS)

-------5/26/2022, 7:22:47 PM------
check tournament Silicon Valley RYC/RCC - Youth 12 Women’s Saber (Y12WS)

-------5/26/2022, 7:22:56 PM------
check tournament Silicon Valley RYC/RCC - Youth 10 Men’s Foil (Y10MF)

-------5/26/2022, 7:23:05 PM------
check tournament Silicon Valley RYC/RCC - Youth 10 Women’s Foil (Y10WF)

-------5/26/2022, 7:23:15 PM------
check tournament Silicon Valley RYC/RCC - Youth 10 Men’s Epee (Y10ME)

-------5/26/2022, 7:23:24 PM------
check tournament Silicon Valley RYC/RCC - Youth 10 Women’s Epee (Y10WE)

-------5/26/2022, 7:23:36 PM------
check tournament Silicon Valley RYC/RCC - Youth 10 Men’s Saber (Y10MS)

-------5/26/2022, 7:23:45 PM------
check tournament Silicon Valley RYC/RCC - Youth 10 Women’s Saber (Y10WS)

-------5/26/2022, 7:23:54 PM------
updated club tournament & event successfully

-------5/26/2022, 7:24:54 PM------
start update this season

-------5/26/2022, 7:24:54 PM------
updated this season to 2021-2022

-------5/26/2022, 7:24:55 PM------
start update Tournament notification

-------5/26/2022, 7:24:55 PM------
check tournament Designated Senior World Cup - Indiv & Team, Men’s Epee

-------5/26/2022, 7:24:55 PM------
updated Tournament notification successfully

-------5/26/2022, 7:24:55 PM------
start update club tournament & event

-------5/26/2022, 7:24:55 PM------
check tournament Silicon Valley RYC/RCC

-------5/26/2022, 7:24:55 PM------
check tournament Silicon Valley RYC/RCC - Cadet Men’s Foil (CDTMF)

-------5/26/2022, 7:29:38 PM------
start update this season

-------5/26/2022, 7:29:38 PM------
updated this season to 2021-2022

-------5/26/2022, 7:29:39 PM------
start update Tournament notification

-------5/26/2022, 7:29:39 PM------
check tournament Designated Senior World Cup - Indiv & Team, Men’s Epee

-------5/26/2022, 7:29:39 PM------
updated Tournament notification successfully

-------5/26/2022, 7:29:39 PM------
start update club tournament & event

-------5/26/2022, 7:29:39 PM------
check tournament Silicon Valley RYC/RCC

-------5/26/2022, 7:29:39 PM------
check tournament Silicon Valley RYC/RCC - Cadet Men’s Foil (CDTMF)

-------5/26/2022, 7:30:38 PM------
start update this season

-------5/26/2022, 7:30:38 PM------
updated this season to 2021-2022

-------5/26/2022, 7:30:39 PM------
start update Tournament notification

-------5/26/2022, 7:30:39 PM------
check tournament Designated Senior World Cup - Indiv & Team, Men’s Epee

-------5/26/2022, 7:30:39 PM------
updated Tournament notification successfully

-------5/26/2022, 7:30:39 PM------
start update club tournament & event

-------5/26/2022, 7:30:39 PM------
check tournament Silicon Valley RYC/RCC

-------5/26/2022, 7:30:39 PM------
check tournament Silicon Valley RYC/RCC - Cadet Men’s Foil (CDTMF)

-------5/26/2022, 7:30:55 PM------
start update this season

-------5/26/2022, 7:30:55 PM------
updated this season to 2021-2022

-------5/26/2022, 7:30:55 PM------
start update Tournament notification

-------5/26/2022, 7:30:55 PM------
check tournament Designated Senior World Cup - Indiv & Team, Men’s Epee

-------5/26/2022, 7:30:55 PM------
updated Tournament notification successfully

-------5/26/2022, 7:30:55 PM------
start update club tournament & event

-------5/26/2022, 7:30:55 PM------
check tournament Silicon Valley RYC/RCC

-------5/26/2022, 7:30:56 PM------
check tournament Silicon Valley RYC/RCC - Cadet Men’s Foil (CDTMF)

-------5/26/2022, 7:32:58 PM------
start update this season

-------5/26/2022, 7:32:58 PM------
updated this season to 2021-2022

-------5/26/2022, 7:32:58 PM------
start update Tournament notification

-------5/26/2022, 7:32:58 PM------
check tournament Designated Senior World Cup - Indiv & Team, Men’s Epee

-------5/26/2022, 7:32:58 PM------
updated Tournament notification successfully

-------5/26/2022, 7:32:58 PM------
start update club tournament & event

-------5/26/2022, 7:32:58 PM------
check tournament Silicon Valley RYC/RCC

-------5/26/2022, 7:32:58 PM------
check tournament Silicon Valley RYC/RCC - Cadet Men’s Foil (CDTMF)

-------5/26/2022, 7:33:07 PM------
start update this season

-------5/26/2022, 7:33:07 PM------
updated this season to 2021-2022

-------5/26/2022, 7:33:08 PM------
start update Tournament notification

-------5/26/2022, 7:33:08 PM------
check tournament Designated Senior World Cup - Indiv & Team, Men’s Epee

-------5/26/2022, 7:33:08 PM------
updated Tournament notification successfully

-------5/26/2022, 7:33:08 PM------
start update club tournament & event

-------5/26/2022, 7:33:08 PM------
check tournament Silicon Valley RYC/RCC

-------5/26/2022, 7:33:08 PM------
check tournament Silicon Valley RYC/RCC - Cadet Men’s Foil (CDTMF)

-------5/26/2022, 7:33:36 PM------
start update this season

-------5/26/2022, 7:33:36 PM------
updated this season to 2021-2022

-------5/26/2022, 7:33:37 PM------
start update Tournament notification

-------5/26/2022, 7:33:37 PM------
check tournament Designated Senior World Cup - Indiv & Team, Men’s Epee

-------5/26/2022, 7:33:37 PM------
updated Tournament notification successfully

-------5/26/2022, 7:33:37 PM------
start update club tournament & event

-------5/26/2022, 7:33:37 PM------
check tournament Silicon Valley RYC/RCC

-------5/26/2022, 7:33:37 PM------
check tournament Silicon Valley RYC/RCC - Cadet Men’s Foil (CDTMF)

-------5/26/2022, 7:33:56 PM------
check tournament Silicon Valley RYC/RCC - Cadet Women’s Foil (CDTWF)

-------5/26/2022, 7:33:57 PM------
check tournament Silicon Valley RYC/RCC - Cadet Men’s Epee (CDTME)

-------5/26/2022, 7:33:57 PM------
check tournament Silicon Valley RYC/RCC - Cadet Women’s Epee (CDTWE)

-------5/26/2022, 7:33:58 PM------
check tournament Silicon Valley RYC/RCC - Cadet Men’s Saber (CDTMS)

-------5/26/2022, 7:33:58 PM------
check tournament Silicon Valley RYC/RCC - Cadet Women’s Saber (CDTWS)

-------5/26/2022, 7:33:58 PM------
check tournament Silicon Valley RYC/RCC - Youth 14 Men’s Foil (Y14MF)

-------5/26/2022, 7:33:59 PM------
check tournament Silicon Valley RYC/RCC - Youth 14 Women’s Foil (Y14WF)

-------5/26/2022, 7:34:00 PM------
check tournament Silicon Valley RYC/RCC - Youth 14 Men’s Epee (Y14ME)

-------5/26/2022, 7:34:00 PM------
check tournament Silicon Valley RYC/RCC - Youth 14 Women’s Epee (Y14WE)

-------5/26/2022, 7:34:00 PM------
check tournament Silicon Valley RYC/RCC - Youth 14 Men’s Saber (Y14MS)

-------5/26/2022, 7:34:01 PM------
check tournament Silicon Valley RYC/RCC - Youth 14 Women’s Saber (Y14WS)

-------5/26/2022, 7:34:02 PM------
check tournament Silicon Valley RYC/RCC - Youth 12 Men’s Foil (Y12MF)

-------5/26/2022, 7:34:02 PM------
check tournament Silicon Valley RYC/RCC - Youth 12 Women’s Foil (Y12WF)

-------5/26/2022, 7:34:03 PM------
check tournament Silicon Valley RYC/RCC - Youth 12 Men’s Epee (Y12ME)

-------5/26/2022, 7:34:03 PM------
check tournament Silicon Valley RYC/RCC - Youth 12 Women’s Epee (Y12WE)

-------5/26/2022, 7:34:04 PM------
check tournament Silicon Valley RYC/RCC - Youth 12 Men’s Saber (Y12MS)

-------5/26/2022, 7:34:04 PM------
check tournament Silicon Valley RYC/RCC - Youth 12 Women’s Saber (Y12WS)

-------5/26/2022, 7:34:04 PM------
check tournament Silicon Valley RYC/RCC - Youth 10 Men’s Foil (Y10MF)

-------5/26/2022, 7:34:05 PM------
check tournament Silicon Valley RYC/RCC - Youth 10 Women’s Foil (Y10WF)

-------5/26/2022, 7:34:05 PM------
check tournament Silicon Valley RYC/RCC - Youth 10 Men’s Epee (Y10ME)

-------5/26/2022, 7:34:06 PM------
check tournament Silicon Valley RYC/RCC - Youth 10 Women’s Epee (Y10WE)

-------5/26/2022, 7:34:06 PM------
check tournament Silicon Valley RYC/RCC - Youth 10 Men’s Saber (Y10MS)

-------5/26/2022, 7:34:06 PM------
check tournament Silicon Valley RYC/RCC - Youth 10 Women’s Saber (Y10WS)

-------5/26/2022, 7:34:07 PM------
updated club tournament & event successfully

-------5/26/2022, 7:35:07 PM------
start update this season

-------5/26/2022, 7:35:07 PM------
updated this season to 2021-2022

-------5/26/2022, 7:35:07 PM------
start update Tournament notification

-------5/26/2022, 7:35:07 PM------
check tournament Designated Senior World Cup - Indiv & Team, Men’s Epee

-------5/26/2022, 7:35:07 PM------
start update club tournament & event

-------5/26/2022, 7:35:07 PM------
updated Tournament notification successfully

-------5/26/2022, 7:35:07 PM------
check tournament Silicon Valley RYC/RCC

-------5/26/2022, 7:35:07 PM------
check tournament Silicon Valley RYC/RCC - Cadet Men’s Foil (CDTMF)

-------5/26/2022, 7:35:20 PM------
check tournament Silicon Valley RYC/RCC - Cadet Women’s Foil (CDTWF)

-------5/26/2022, 7:36:26 PM------
start update this season

-------5/26/2022, 7:36:26 PM------
updated this season to 2021-2022

-------5/26/2022, 7:36:27 PM------
start update Tournament notification

-------5/26/2022, 7:36:27 PM------
check tournament Designated Senior World Cup - Indiv & Team, Men’s Epee

-------5/26/2022, 7:36:27 PM------
updated Tournament notification successfully

-------5/26/2022, 7:36:27 PM------
start update club tournament & event

-------5/26/2022, 7:36:27 PM------
check tournament Silicon Valley RYC/RCC

-------5/26/2022, 7:36:27 PM------
check tournament Silicon Valley RYC/RCC - Cadet Men’s Foil (CDTMF)

-------5/26/2022, 7:36:28 PM------
check tournament Silicon Valley RYC/RCC - Cadet Women’s Foil (CDTWF)

-------5/26/2022, 7:36:28 PM------
check tournament Silicon Valley RYC/RCC - Cadet Men’s Epee (CDTME)

-------5/26/2022, 7:36:29 PM------
check tournament Silicon Valley RYC/RCC - Cadet Women’s Epee (CDTWE)

-------5/26/2022, 7:36:29 PM------
check tournament Silicon Valley RYC/RCC - Cadet Men’s Saber (CDTMS)

-------5/26/2022, 7:36:30 PM------
check tournament Silicon Valley RYC/RCC - Cadet Women’s Saber (CDTWS)

-------5/26/2022, 7:36:30 PM------
check tournament Silicon Valley RYC/RCC - Youth 14 Men’s Foil (Y14MF)

-------5/26/2022, 7:36:31 PM------
check tournament Silicon Valley RYC/RCC - Youth 14 Women’s Foil (Y14WF)

-------5/26/2022, 7:36:31 PM------
check tournament Silicon Valley RYC/RCC - Youth 14 Men’s Epee (Y14ME)

-------5/26/2022, 7:36:32 PM------
check tournament Silicon Valley RYC/RCC - Youth 14 Women’s Epee (Y14WE)

-------5/26/2022, 7:36:32 PM------
check tournament Silicon Valley RYC/RCC - Youth 14 Men’s Saber (Y14MS)

-------5/26/2022, 7:36:33 PM------
check tournament Silicon Valley RYC/RCC - Youth 14 Women’s Saber (Y14WS)

-------5/26/2022, 7:36:33 PM------
check tournament Silicon Valley RYC/RCC - Youth 12 Men’s Foil (Y12MF)

-------5/26/2022, 7:36:34 PM------
check tournament Silicon Valley RYC/RCC - Youth 12 Women’s Foil (Y12WF)

-------5/26/2022, 7:36:34 PM------
check tournament Silicon Valley RYC/RCC - Youth 12 Men’s Epee (Y12ME)

-------5/26/2022, 7:36:35 PM------
check tournament Silicon Valley RYC/RCC - Youth 12 Women’s Epee (Y12WE)

-------5/26/2022, 7:36:35 PM------
check tournament Silicon Valley RYC/RCC - Youth 12 Men’s Saber (Y12MS)

-------5/26/2022, 7:36:36 PM------
check tournament Silicon Valley RYC/RCC - Youth 12 Women’s Saber (Y12WS)

-------5/26/2022, 7:36:36 PM------
check tournament Silicon Valley RYC/RCC - Youth 10 Men’s Foil (Y10MF)

-------5/26/2022, 7:36:36 PM------
check tournament Silicon Valley RYC/RCC - Youth 10 Women’s Foil (Y10WF)

-------5/26/2022, 7:36:37 PM------
check tournament Silicon Valley RYC/RCC - Youth 10 Men’s Epee (Y10ME)

-------5/26/2022, 7:36:37 PM------
check tournament Silicon Valley RYC/RCC - Youth 10 Women’s Epee (Y10WE)

-------5/26/2022, 7:36:37 PM------
check tournament Silicon Valley RYC/RCC - Youth 10 Men’s Saber (Y10MS)

-------5/26/2022, 7:36:38 PM------
check tournament Silicon Valley RYC/RCC - Youth 10 Women’s Saber (Y10WS)

-------5/26/2022, 7:36:38 PM------
updated club tournament & event successfully

-------5/26/2022, 7:37:38 PM------
start update this season

-------5/26/2022, 7:37:38 PM------
updated this season to 2021-2022

-------5/26/2022, 7:37:39 PM------
start update club grade

-------5/26/2022, 7:38:13 PM------
start update this season

-------5/26/2022, 7:38:13 PM------
updated this season to 2021-2022

-------5/26/2022, 7:38:14 PM------
start update Tournament notification

-------5/26/2022, 7:38:14 PM------
check tournament Designated Senior World Cup - Indiv & Team, Men’s Epee

-------5/26/2022, 7:38:14 PM------
updated Tournament notification successfully

-------5/26/2022, 7:38:14 PM------
start update club tournament & event

-------5/26/2022, 7:38:14 PM------
check tournament Silicon Valley RYC/RCC

-------5/26/2022, 7:38:14 PM------
check tournament Silicon Valley RYC/RCC - Cadet Men’s Foil (CDTMF)

-------5/26/2022, 7:38:15 PM------
check tournament Silicon Valley RYC/RCC - Cadet Women’s Foil (CDTWF)

-------5/26/2022, 7:38:16 PM------
check tournament Silicon Valley RYC/RCC - Cadet Men’s Epee (CDTME)

-------5/26/2022, 7:38:16 PM------
check tournament Silicon Valley RYC/RCC - Cadet Women’s Epee (CDTWE)

-------5/26/2022, 7:38:16 PM------
check tournament Silicon Valley RYC/RCC - Cadet Men’s Saber (CDTMS)

-------5/26/2022, 7:38:17 PM------
check tournament Silicon Valley RYC/RCC - Cadet Women’s Saber (CDTWS)

-------5/26/2022, 7:38:24 PM------
start update this season

-------5/26/2022, 7:38:24 PM------
updated this season to 2021-2022

-------5/26/2022, 7:38:25 PM------
start update club grade

-------5/26/2022, 7:38:25 PM------
check 1th club Northern Colorado Fencers (NCOFencers)

-------5/26/2022, 7:38:46 PM------
start update this season

-------5/26/2022, 7:38:46 PM------
updated this season to 2021-2022

-------5/26/2022, 7:38:47 PM------
start update Tournament notification

-------5/26/2022, 7:38:47 PM------
check tournament Designated Senior World Cup - Indiv & Team, Men’s Epee

-------5/26/2022, 7:38:47 PM------
start update club tournament & event

-------5/26/2022, 7:38:47 PM------
updated Tournament notification successfully

-------5/26/2022, 7:38:47 PM------
check tournament Silicon Valley RYC/RCC

-------5/26/2022, 7:38:47 PM------
check tournament Silicon Valley RYC/RCC - Cadet Men’s Foil (CDTMF)

-------5/26/2022, 7:38:48 PM------
check tournament Silicon Valley RYC/RCC - Cadet Women’s Foil (CDTWF)

-------5/26/2022, 7:38:48 PM------
check tournament Silicon Valley RYC/RCC - Cadet Men’s Epee (CDTME)

-------5/26/2022, 7:38:49 PM------
check tournament Silicon Valley RYC/RCC - Cadet Women’s Epee (CDTWE)

-------5/26/2022, 7:38:49 PM------
check tournament Silicon Valley RYC/RCC - Cadet Men’s Saber (CDTMS)

-------5/26/2022, 7:38:49 PM------
check tournament Silicon Valley RYC/RCC - Cadet Women’s Saber (CDTWS)

-------5/26/2022, 7:38:50 PM------
check tournament Silicon Valley RYC/RCC - Youth 14 Men’s Foil (Y14MF)

-------5/26/2022, 7:38:51 PM------
check tournament Silicon Valley RYC/RCC - Youth 14 Women’s Foil (Y14WF)

-------5/26/2022, 7:38:53 PM------
check tournament Silicon Valley RYC/RCC - Youth 14 Men’s Epee (Y14ME)

-------5/26/2022, 7:38:53 PM------
check tournament Silicon Valley RYC/RCC - Youth 14 Women’s Epee (Y14WE)

-------5/26/2022, 7:38:53 PM------
check tournament Silicon Valley RYC/RCC - Youth 14 Men’s Saber (Y14MS)

-------5/26/2022, 7:38:54 PM------
check tournament Silicon Valley RYC/RCC - Youth 14 Women’s Saber (Y14WS)

-------5/26/2022, 7:38:55 PM------
check tournament Silicon Valley RYC/RCC - Youth 12 Men’s Foil (Y12MF)

-------5/26/2022, 7:38:55 PM------
check tournament Silicon Valley RYC/RCC - Youth 12 Women’s Foil (Y12WF)

-------5/26/2022, 7:38:56 PM------
check tournament Silicon Valley RYC/RCC - Youth 12 Men’s Epee (Y12ME)

-------5/26/2022, 7:38:56 PM------
check tournament Silicon Valley RYC/RCC - Youth 12 Women’s Epee (Y12WE)

-------5/26/2022, 7:38:57 PM------
check tournament Silicon Valley RYC/RCC - Youth 12 Men’s Saber (Y12MS)

-------5/26/2022, 7:38:57 PM------
check tournament Silicon Valley RYC/RCC - Youth 12 Women’s Saber (Y12WS)

-------5/26/2022, 7:38:57 PM------
check tournament Silicon Valley RYC/RCC - Youth 10 Men’s Foil (Y10MF)

-------5/26/2022, 7:38:58 PM------
check tournament Silicon Valley RYC/RCC - Youth 10 Women’s Foil (Y10WF)

-------5/26/2022, 7:38:58 PM------
check tournament Silicon Valley RYC/RCC - Youth 10 Men’s Epee (Y10ME)

-------5/26/2022, 7:38:59 PM------
check tournament Silicon Valley RYC/RCC - Youth 10 Women’s Epee (Y10WE)

-------5/26/2022, 7:38:59 PM------
check tournament Silicon Valley RYC/RCC - Youth 10 Men’s Saber (Y10MS)

-------5/26/2022, 7:38:59 PM------
check tournament Silicon Valley RYC/RCC - Youth 10 Women’s Saber (Y10WS)

-------5/26/2022, 7:39:00 PM------
updated club tournament & event successfully

-------5/26/2022, 7:40:00 PM------
start update this season

-------5/26/2022, 7:40:00 PM------
updated this season to 2021-2022

-------5/26/2022, 7:40:00 PM------
start update Tournament notification

-------5/26/2022, 7:40:00 PM------
check tournament Designated Senior World Cup - Indiv & Team, Men’s Epee

-------5/26/2022, 7:40:00 PM------
updated Tournament notification successfully

-------5/26/2022, 7:40:00 PM------
start update club tournament & event

-------5/26/2022, 7:40:00 PM------
check tournament Silicon Valley RYC/RCC

-------5/26/2022, 7:40:00 PM------
check tournament Silicon Valley RYC/RCC - Cadet Men’s Foil (CDTMF)

-------5/26/2022, 7:40:01 PM------
check tournament Silicon Valley RYC/RCC - Cadet Women’s Foil (CDTWF)

-------5/26/2022, 7:40:02 PM------
check tournament Silicon Valley RYC/RCC - Cadet Men’s Epee (CDTME)

-------5/26/2022, 7:40:02 PM------
check tournament Silicon Valley RYC/RCC - Cadet Women’s Epee (CDTWE)

-------5/26/2022, 7:40:03 PM------
check tournament Silicon Valley RYC/RCC - Cadet Men’s Saber (CDTMS)

-------5/26/2022, 7:40:03 PM------
check tournament Silicon Valley RYC/RCC - Cadet Women’s Saber (CDTWS)

-------5/26/2022, 7:40:03 PM------
check tournament Silicon Valley RYC/RCC - Youth 14 Men’s Foil (Y14MF)

-------5/26/2022, 7:40:04 PM------
check tournament Silicon Valley RYC/RCC - Youth 14 Women’s Foil (Y14WF)

-------5/26/2022, 7:40:05 PM------
check tournament Silicon Valley RYC/RCC - Youth 14 Men’s Epee (Y14ME)

-------5/26/2022, 7:40:05 PM------
check tournament Silicon Valley RYC/RCC - Youth 14 Women’s Epee (Y14WE)

-------5/26/2022, 7:40:05 PM------
check tournament Silicon Valley RYC/RCC - Youth 14 Men’s Saber (Y14MS)

-------5/26/2022, 7:40:06 PM------
check tournament Silicon Valley RYC/RCC - Youth 14 Women’s Saber (Y14WS)

-------5/26/2022, 7:40:06 PM------
check tournament Silicon Valley RYC/RCC - Youth 12 Men’s Foil (Y12MF)

-------5/26/2022, 7:40:07 PM------
check tournament Silicon Valley RYC/RCC - Youth 12 Women’s Foil (Y12WF)

-------5/26/2022, 7:40:07 PM------
check tournament Silicon Valley RYC/RCC - Youth 12 Men’s Epee (Y12ME)

-------5/26/2022, 7:40:08 PM------
check tournament Silicon Valley RYC/RCC - Youth 12 Women’s Epee (Y12WE)

-------5/26/2022, 7:40:08 PM------
check tournament Silicon Valley RYC/RCC - Youth 12 Men’s Saber (Y12MS)

-------5/26/2022, 7:40:09 PM------
check tournament Silicon Valley RYC/RCC - Youth 12 Women’s Saber (Y12WS)

-------5/26/2022, 7:40:09 PM------
check tournament Silicon Valley RYC/RCC - Youth 10 Men’s Foil (Y10MF)

-------5/26/2022, 7:40:10 PM------
check tournament Silicon Valley RYC/RCC - Youth 10 Women’s Foil (Y10WF)

-------5/26/2022, 7:40:10 PM------
check tournament Silicon Valley RYC/RCC - Youth 10 Men’s Epee (Y10ME)

-------5/26/2022, 7:40:10 PM------
check tournament Silicon Valley RYC/RCC - Youth 10 Women’s Epee (Y10WE)

-------5/26/2022, 7:40:11 PM------
check tournament Silicon Valley RYC/RCC - Youth 10 Men’s Saber (Y10MS)

-------5/26/2022, 7:40:11 PM------
check tournament Silicon Valley RYC/RCC - Youth 10 Women’s Saber (Y10WS)

-------5/26/2022, 7:40:11 PM------
updated club tournament & event successfully

-------5/26/2022, 7:41:11 PM------
start update this season

-------5/26/2022, 7:41:11 PM------
updated this season to 2021-2022

-------5/26/2022, 7:41:12 PM------
start update club grade

-------5/26/2022, 7:41:12 PM------
check 1th club Northern Colorado Fencers (NCOFencers)

-------5/26/2022, 7:41:15 PM------
updated club grade list successfully

-------5/26/2022, 7:41:15 PM------
start update eligible list

-------5/26/2022, 7:41:15 PM------
check 1th fencer 2

-------5/26/2022, 7:41:15 PM------
updated eligible list successfully

-------5/26/2022, 7:41:16 PM------
start update Tournament notification

-------5/26/2022, 7:41:16 PM------
check tournament Designated Senior World Cup - Indiv & Team, Men’s Epee

-------5/26/2022, 7:41:16 PM------
updated Tournament notification successfully

-------5/26/2022, 7:41:16 PM------
start update club tournament & event

-------5/26/2022, 7:41:16 PM------
check tournament Silicon Valley RYC/RCC

-------5/26/2022, 7:41:16 PM------
check tournament Silicon Valley RYC/RCC - Cadet Men’s Foil (CDTMF)

-------5/26/2022, 7:41:17 PM------
check tournament Silicon Valley RYC/RCC - Cadet Women’s Foil (CDTWF)

-------5/26/2022, 7:41:18 PM------
check tournament Silicon Valley RYC/RCC - Cadet Men’s Epee (CDTME)

-------5/26/2022, 7:41:18 PM------
check tournament Silicon Valley RYC/RCC - Cadet Women’s Epee (CDTWE)

-------5/26/2022, 7:41:18 PM------
check tournament Silicon Valley RYC/RCC - Cadet Men’s Saber (CDTMS)

-------5/26/2022, 7:41:19 PM------
check tournament Silicon Valley RYC/RCC - Cadet Women’s Saber (CDTWS)

-------5/26/2022, 7:41:19 PM------
check tournament Silicon Valley RYC/RCC - Youth 14 Men’s Foil (Y14MF)

-------5/26/2022, 7:41:20 PM------
check tournament Silicon Valley RYC/RCC - Youth 14 Women’s Foil (Y14WF)

-------5/26/2022, 7:41:21 PM------
check tournament Silicon Valley RYC/RCC - Youth 14 Men’s Epee (Y14ME)

-------5/26/2022, 7:41:21 PM------
check tournament Silicon Valley RYC/RCC - Youth 14 Women’s Epee (Y14WE)

-------5/26/2022, 7:41:21 PM------
check tournament Silicon Valley RYC/RCC - Youth 14 Men’s Saber (Y14MS)

-------5/26/2022, 7:41:22 PM------
check tournament Silicon Valley RYC/RCC - Youth 14 Women’s Saber (Y14WS)

-------5/26/2022, 7:41:22 PM------
check tournament Silicon Valley RYC/RCC - Youth 12 Men’s Foil (Y12MF)

-------5/26/2022, 7:41:23 PM------
check tournament Silicon Valley RYC/RCC - Youth 12 Women’s Foil (Y12WF)

-------5/26/2022, 7:41:24 PM------
check tournament Silicon Valley RYC/RCC - Youth 12 Men’s Epee (Y12ME)

-------5/26/2022, 7:41:24 PM------
check tournament Silicon Valley RYC/RCC - Youth 12 Women’s Epee (Y12WE)

-------5/26/2022, 7:41:25 PM------
check tournament Silicon Valley RYC/RCC - Youth 12 Men’s Saber (Y12MS)

-------5/26/2022, 7:41:25 PM------
check tournament Silicon Valley RYC/RCC - Youth 12 Women’s Saber (Y12WS)

-------5/26/2022, 7:41:25 PM------
check tournament Silicon Valley RYC/RCC - Youth 10 Men’s Foil (Y10MF)

-------5/26/2022, 7:41:26 PM------
check tournament Silicon Valley RYC/RCC - Youth 10 Women’s Foil (Y10WF)

-------5/26/2022, 7:41:26 PM------
check tournament Silicon Valley RYC/RCC - Youth 10 Men’s Epee (Y10ME)

-------5/26/2022, 7:41:27 PM------
check tournament Silicon Valley RYC/RCC - Youth 10 Women’s Epee (Y10WE)

-------5/26/2022, 7:41:27 PM------
check tournament Silicon Valley RYC/RCC - Youth 10 Men’s Saber (Y10MS)

-------5/26/2022, 7:41:27 PM------
check tournament Silicon Valley RYC/RCC - Youth 10 Women’s Saber (Y10WS)

-------5/26/2022, 7:41:27 PM------
updated club tournament & event successfully
