
-------5/27/2022, 8:21:20 AM------
start update club grade

-------5/27/2022, 8:21:20 AM------
check 1th club AIC Fencing Club (AIC)

-------5/27/2022, 8:21:23 AM------
updated club grade list successfully

-------5/27/2022, 8:23:33 AM------
start update club grade

-------5/27/2022, 8:24:50 AM------
start update club grade

-------5/27/2022, 8:24:50 AM------
check 1th club AIC Fencing Club (AIC)

-------5/27/2022, 8:25:01 AM------
updated club grade list successfully

-------5/27/2022, 12:29:13 PM------
start update club tournament & event

-------5/27/2022, 12:30:23 PM------
check tournament Designated Senior World Cup - Indiv & Team, Men’s Epee

-------5/27/2022, 12:30:36 PM------
start update club tournament & event

-------5/27/2022, 12:30:39 PM------
check tournament Designated Senior World Cup - Indiv & Team, Men’s Epee

-------5/27/2022, 12:31:16 PM------
check tournament Designated Senior World Cup - Indiv & Team, Women’s Epee

-------5/27/2022, 12:31:17 PM------
check tournament 2022 World University Games

-------5/27/2022, 12:31:21 PM------
check tournament USA Fencing National Championships & July Challenge

-------5/27/2022, 7:16:10 PM------
start update club tournament & event

-------5/27/2022, 7:16:14 PM------
check tournament Designated Senior World Cup - Indiv & Team, Men’s Epee

-------5/27/2022, 8:34:46 PM------
start update club tournament & event
