
-------4/8/2022, 4:20:57 PM------
start update this season

-------4/8/2022, 4:20:57 PM------
updated this season to 2021-2022

-------4/8/2022, 4:20:57 PM------
start update Tournament notification

-------4/8/2022, 4:20:57 PM------
updated Tournament notification successfully

-------4/8/2022, 4:21:13 PM------
start update this season

-------4/8/2022, 4:21:13 PM------
updated this season to 2021-2022

-------4/8/2022, 4:21:13 PM------
start update Tournament notification

-------4/8/2022, 4:21:31 PM------
start update this season

-------4/8/2022, 4:21:31 PM------
updated this season to 2021-2022

-------4/8/2022, 4:21:31 PM------
start update Tournament notification

-------4/8/2022, 4:37:38 PM------
start update this season

-------4/8/2022, 4:37:38 PM------
updated this season to 2021-2022

-------4/8/2022, 4:37:38 PM------
start update Tournament notification

-------4/8/2022, 4:38:05 PM------
start update this season

-------4/8/2022, 4:38:05 PM------
updated this season to 2021-2022

-------4/8/2022, 4:38:05 PM------
start update Tournament notification

-------4/8/2022, 4:38:35 PM------
start update this season

-------4/8/2022, 4:38:35 PM------
updated this season to 2021-2022

-------4/8/2022, 4:38:35 PM------
start update Tournament notification

-------4/8/2022, 4:39:11 PM------
start update this season

-------4/8/2022, 4:39:11 PM------
updated this season to 2021-2022

-------4/8/2022, 4:39:11 PM------
start update Tournament notification

-------4/8/2022, 4:39:11 PM------
updated Tournament notification successfully

-------4/8/2022, 4:44:17 PM------
start update this season

-------4/8/2022, 4:44:17 PM------
updated this season to 2021-2022

-------4/8/2022, 4:44:17 PM------
start update Tournament notification

-------4/8/2022, 4:44:18 PM------
updated Tournament notification successfully

-------4/8/2022, 4:44:32 PM------
start update this season

-------4/8/2022, 4:44:32 PM------
updated this season to 2021-2022

-------4/8/2022, 4:44:46 PM------
start update this season

-------4/8/2022, 4:44:46 PM------
updated this season to 2021-2022

-------4/8/2022, 4:45:48 PM------
start update this season

-------4/8/2022, 4:45:48 PM------
updated this season to 2021-2022

-------4/8/2022, 4:45:48 PM------
start update Tournament notification

-------4/8/2022, 4:45:48 PM------
updated Tournament notification successfully
