
-------5/25/2022, 2:48:54 AM------
start update this season

-------5/25/2022, 2:48:54 AM------
updated this season to 2021-2022

-------5/25/2022, 2:48:54 AM------
start update club grade

-------5/25/2022, 3:17:35 AM------
updated club grade list successfully

-------5/25/2022, 3:32:43 AM------
start update this season

-------5/25/2022, 3:32:43 AM------
updated this season to 2021-2022

-------5/25/2022, 3:32:43 AM------
start update club grade

-------5/25/2022, 3:33:20 AM------
start update this season

-------5/25/2022, 3:33:20 AM------
updated this season to 2021-2022

-------5/25/2022, 3:33:20 AM------
start update club grade

-------5/25/2022, 3:38:11 AM------
start update this season

-------5/25/2022, 3:38:11 AM------
updated this season to 2021-2022

-------5/25/2022, 3:38:11 AM------
start update club grade

-------5/25/2022, 4:42:02 AM------
start update this season

-------5/25/2022, 4:42:02 AM------
updated this season to 2021-2022

-------5/25/2022, 4:42:02 AM------
start update club grade

-------5/25/2022, 4:57:36 AM------
start update this season

-------5/25/2022, 4:57:37 AM------
updated this season to 2021-2022

-------5/25/2022, 4:57:37 AM------
start update club grade

-------5/25/2022, 5:07:15 AM------
start update this season

-------5/25/2022, 5:07:15 AM------
updated this season to 2021-2022

-------5/25/2022, 5:07:15 AM------
start update club grade

-------5/25/2022, 5:41:45 AM------
updated club grade list successfully

-------5/25/2022, 6:20:11 AM------
start update this season

-------5/25/2022, 6:20:12 AM------
updated this season to 2021-2022

-------5/25/2022, 6:20:12 AM------
start update club grade

-------5/25/2022, 6:21:10 AM------
start update this season

-------5/25/2022, 6:21:11 AM------
updated this season to 2021-2022

-------5/25/2022, 6:21:41 AM------
start update this season

-------5/25/2022, 6:21:41 AM------
updated this season to 2021-2022

-------5/25/2022, 6:21:41 AM------
start update eligible list

-------5/25/2022, 6:22:13 AM------
start update this season

-------5/25/2022, 6:22:13 AM------
updated this season to 2021-2022

-------5/25/2022, 6:22:13 AM------
start update eligible list

-------5/25/2022, 6:22:45 AM------
start update this season

-------5/25/2022, 6:22:45 AM------
updated this season to 2021-2022

-------5/25/2022, 6:22:45 AM------
start update eligible list

-------5/25/2022, 6:22:57 AM------
start update this season

-------5/25/2022, 6:22:57 AM------
start update eligible list

-------5/25/2022, 6:22:57 AM------
updated this season to 2021-2022

-------5/25/2022, 6:22:58 AM------
updated eligible list successfully

-------5/25/2022, 6:23:35 AM------
start update this season

-------5/25/2022, 6:23:35 AM------
updated this season to 2021-2022

-------5/25/2022, 6:23:35 AM------
start update eligible list

-------5/25/2022, 6:23:54 AM------
updated eligible list successfully

-------5/25/2022, 6:24:38 AM------
start update this season

-------5/25/2022, 6:24:38 AM------
start update eligible list

-------5/25/2022, 6:24:38 AM------
updated this season to 2021-2022

-------5/25/2022, 6:25:24 AM------
start update this season

-------5/25/2022, 6:25:24 AM------
updated this season to 2021-2022

-------5/25/2022, 6:25:24 AM------
start update eligible list

-------5/25/2022, 6:25:25 AM------
updated eligible list successfully

-------5/25/2022, 6:26:14 AM------
start update this season

-------5/25/2022, 6:26:14 AM------
updated this season to 2021-2022

-------5/25/2022, 6:26:14 AM------
start update eligible list

-------5/25/2022, 6:26:35 AM------
start update this season

-------5/25/2022, 6:26:35 AM------
updated this season to 2021-2022

-------5/25/2022, 6:26:35 AM------
start update eligible list

-------5/25/2022, 6:28:35 AM------
start update this season

-------5/25/2022, 6:28:35 AM------
updated this season to 2021-2022

-------5/25/2022, 6:28:35 AM------
start update eligible list

-------5/25/2022, 7:08:05 AM------
start update this season

-------5/25/2022, 7:08:06 AM------
updated this season to 2021-2022

-------5/25/2022, 7:08:06 AM------
start update eligible list

-------5/25/2022, 7:08:50 AM------
start update this season

-------5/25/2022, 7:08:50 AM------
start update eligible list

-------5/25/2022, 7:08:50 AM------
updated this season to 2021-2022

-------5/25/2022, 7:14:43 AM------
start update this season

-------5/25/2022, 7:14:43 AM------
updated this season to 2021-2022

-------5/25/2022, 7:14:43 AM------
start update eligible list

-------5/25/2022, 8:34:58 AM------
start update this season

-------5/25/2022, 8:34:58 AM------
updated this season to 2021-2022

-------5/25/2022, 8:35:24 AM------
start update this season

-------5/25/2022, 8:35:24 AM------
updated this season to 2021-2022

-------5/25/2022, 8:35:24 AM------
start update eligible list

-------5/25/2022, 10:49:59 AM------
updated eligible list successfully

-------5/25/2022, 6:18:27 PM------
start update this season

-------5/25/2022, 6:18:28 PM------
updated this season to 2021-2022

-------5/25/2022, 6:18:28 PM------
start update club tournament & event

-------5/25/2022, 6:21:39 PM------
start update this season

-------5/25/2022, 6:21:39 PM------
updated this season to 2021-2022

-------5/25/2022, 6:21:39 PM------
start update club tournament & event

-------5/25/2022, 6:21:39 PM------
updated club tournament & event successfully

-------5/25/2022, 6:22:37 PM------
start update this season

-------5/25/2022, 6:22:37 PM------
updated this season to 2021-2022

-------5/25/2022, 6:22:37 PM------
start update club tournament & event

-------5/25/2022, 6:22:37 PM------
updated club tournament & event successfully

-------5/25/2022, 6:23:36 PM------
start update this season

-------5/25/2022, 6:23:36 PM------
updated this season to 2021-2022

-------5/25/2022, 6:23:36 PM------
start update club tournament & event

-------5/25/2022, 6:23:36 PM------
updated club tournament & event successfully

-------5/25/2022, 6:24:04 PM------
start update this season

-------5/25/2022, 6:25:51 PM------
start update this season

-------5/25/2022, 6:25:51 PM------
start update club tournament & event

-------5/25/2022, 6:25:51 PM------
updated club tournament & event successfully

-------5/25/2022, 6:25:51 PM------
updated this season to 2021-2022

-------5/25/2022, 6:25:58 PM------
updated club grade list successfully

-------5/25/2022, 6:25:58 PM------
start update club grade

-------5/25/2022, 6:26:02 PM------
start update eligible list

-------5/25/2022, 6:26:02 PM------
updated eligible list successfully

-------5/25/2022, 6:32:41 PM------
start update this season

-------5/25/2022, 6:32:41 PM------
updated this season to 2021-2022

-------5/25/2022, 6:32:41 PM------
start update club tournament & event

-------5/25/2022, 6:32:41 PM------
updated club tournament & event successfully

-------5/25/2022, 6:33:11 PM------
start update this season

-------5/25/2022, 6:33:11 PM------
updated this season to 2021-2022

-------5/25/2022, 6:33:11 PM------
start update club tournament & event

-------5/25/2022, 6:33:11 PM------
updated club tournament & event successfully

-------5/25/2022, 6:33:11 PM------
start update club grade

-------5/25/2022, 6:33:11 PM------
updated club grade list successfully

-------5/25/2022, 6:33:11 PM------
start update eligible list

-------5/25/2022, 6:33:11 PM------
updated eligible list successfully

-------5/25/2022, 6:34:03 PM------
start update this season

-------5/25/2022, 6:34:03 PM------
updated this season to 2021-2022

-------5/25/2022, 6:34:03 PM------
start update club tournament & event

-------5/25/2022, 6:34:03 PM------
updated club tournament & event successfully

-------5/25/2022, 6:34:04 PM------
start update club grade

-------5/25/2022, 6:34:04 PM------
updated club grade list successfully

-------5/25/2022, 6:34:04 PM------
start update eligible list

-------5/25/2022, 6:34:04 PM------
updated eligible list successfully

-------5/25/2022, 6:34:44 PM------
start update this season

-------5/25/2022, 6:34:44 PM------
updated this season to 2021-2022

-------5/25/2022, 6:34:44 PM------
start update club tournament & event

-------5/25/2022, 6:34:44 PM------
updated club tournament & event successfully

-------5/25/2022, 6:34:44 PM------
start update club grade

-------5/25/2022, 6:34:44 PM------
updated club grade list successfully

-------5/25/2022, 6:34:44 PM------
start update eligible list

-------5/25/2022, 6:34:44 PM------
updated eligible list successfully

-------5/25/2022, 6:35:48 PM------
start update this season

-------5/25/2022, 6:35:48 PM------
updated this season to 2021-2022

-------5/25/2022, 6:35:48 PM------
start update club tournament & event

-------5/25/2022, 6:35:48 PM------
updated club tournament & event successfully

-------5/25/2022, 6:36:56 PM------
start update this season

-------5/25/2022, 6:36:56 PM------
updated this season to 2021-2022

-------5/25/2022, 6:36:56 PM------
start update club tournament & event

-------5/25/2022, 6:36:56 PM------
updated club tournament & event successfully

-------5/25/2022, 6:36:56 PM------
start update club grade

-------5/25/2022, 6:36:56 PM------
updated club grade list successfully

-------5/25/2022, 6:39:02 PM------
start update this season

-------5/25/2022, 6:39:02 PM------
updated this season to 2021-2022

-------5/25/2022, 6:39:02 PM------
start update Tournament notification

-------5/25/2022, 6:39:02 PM------
updated Tournament notification successfully

-------5/25/2022, 6:39:02 PM------
start update club tournament & event

-------5/25/2022, 7:01:17 PM------
updated club tournament & event successfully

-------5/25/2022, 7:02:17 PM------
start update this season

-------5/25/2022, 7:02:17 PM------
updated this season to 2021-2022

-------5/25/2022, 7:02:18 PM------
start update Tournament notification

-------5/25/2022, 7:02:18 PM------
updated Tournament notification successfully

-------5/25/2022, 7:02:18 PM------
start update club tournament & event

-------5/25/2022, 7:21:21 PM------
updated club tournament & event successfully

-------5/25/2022, 7:22:21 PM------
start update this season

-------5/25/2022, 7:22:21 PM------
updated this season to 2021-2022

-------5/25/2022, 7:22:21 PM------
start update Tournament notification

-------5/25/2022, 7:22:21 PM------
updated Tournament notification successfully

-------5/25/2022, 7:22:21 PM------
start update club tournament & event

-------5/25/2022, 7:41:37 PM------
updated club tournament & event successfully

-------5/25/2022, 7:42:37 PM------
start update this season

-------5/25/2022, 7:42:37 PM------
updated this season to 2021-2022

-------5/25/2022, 7:42:37 PM------
start update Tournament notification

-------5/25/2022, 7:42:37 PM------
updated Tournament notification successfully

-------5/25/2022, 7:42:37 PM------
start update club tournament & event
