
-------5/24/2022, 5:29:26 PM------
update this season

-------5/24/2022, 5:29:26 PM------
updated this season to 2021-2022

-------5/24/2022, 5:38:13 PM------
update this season

-------5/24/2022, 5:38:13 PM------
updated this season to 2021-2022

-------5/24/2022, 5:38:56 PM------
update club tournament & event

-------5/24/2022, 5:39:15 PM------
update club tournament & event

-------5/24/2022, 5:39:30 PM------
update club tournament & event

-------5/24/2022, 5:41:54 PM------
update club tournament & event

-------5/24/2022, 5:42:32 PM------
update club tournament & event

-------5/24/2022, 5:44:48 PM------
update club tournament & event

-------5/24/2022, 5:45:06 PM------
update club tournament & event

-------5/24/2022, 5:45:49 PM------
update this season

-------5/24/2022, 5:45:49 PM------
updated this season to 2021-2022

-------5/24/2022, 5:45:49 PM------
update club tournament & event

-------5/24/2022, 5:46:56 PM------
update this season

-------5/24/2022, 5:46:56 PM------
updated this season to 2021-2022

-------5/24/2022, 5:46:56 PM------
update club tournament & event

-------5/24/2022, 6:08:51 PM------
update this season

-------5/24/2022, 6:08:51 PM------
updated this season to 2021-2022

-------5/24/2022, 6:08:51 PM------
update club tournament & event

-------5/24/2022, 6:09:33 PM------
update this season

-------5/24/2022, 6:09:33 PM------
updated this season to 2021-2022

-------5/24/2022, 6:09:33 PM------
update club tournament & event

-------5/24/2022, 6:38:21 PM------
update this season

-------5/24/2022, 6:38:21 PM------
updated this season to 2021-2022

-------5/24/2022, 6:38:21 PM------
update club tournament & event

-------5/24/2022, 6:41:05 PM------
updated club tournament & event successfully

-------5/24/2022, 6:41:29 PM------
update this season

-------5/24/2022, 6:41:29 PM------
updated this season to 2021-2022

-------5/24/2022, 6:41:29 PM------
update club tournament & event

-------5/24/2022, 6:44:56 PM------
update this season

-------5/24/2022, 6:44:56 PM------
updated this season to 2021-2022

-------5/24/2022, 6:44:56 PM------
update club tournament & event

-------5/24/2022, 6:45:03 PM------
update this season

-------5/24/2022, 6:45:03 PM------
updated this season to 2021-2022

-------5/24/2022, 6:45:03 PM------
update club tournament & event

-------5/24/2022, 6:47:22 PM------
updated club tournament & event successfully

-------5/24/2022, 6:52:15 PM------
update this season

-------5/24/2022, 6:52:15 PM------
update club tournament & event

-------5/24/2022, 6:52:15 PM------
updated this season to 2021-2022

-------5/24/2022, 6:55:30 PM------
updated club tournament & event successfully

-------5/24/2022, 6:55:37 PM------
update this season

-------5/24/2022, 6:55:37 PM------
updated this season to 2021-2022

-------5/24/2022, 6:55:37 PM------
update club tournament & event

-------5/24/2022, 6:55:43 PM------
update this season

-------5/24/2022, 6:55:43 PM------
updated this season to 2021-2022

-------5/24/2022, 6:55:43 PM------
update club tournament & event

-------5/24/2022, 6:56:07 PM------
update this season

-------5/24/2022, 6:56:07 PM------
updated this season to 2021-2022

-------5/24/2022, 6:56:07 PM------
update club tournament & event

-------5/24/2022, 6:59:24 PM------
update this season

-------5/24/2022, 6:59:24 PM------
updated this season to 2021-2022

-------5/24/2022, 6:59:24 PM------
update club tournament & event

-------5/24/2022, 7:00:44 PM------
update this season

-------5/24/2022, 7:00:44 PM------
updated this season to 2021-2022

-------5/24/2022, 7:00:44 PM------
update club tournament & event

-------5/24/2022, 7:02:10 PM------
update this season

-------5/24/2022, 7:02:10 PM------
updated this season to 2021-2022

-------5/24/2022, 7:02:10 PM------
update club tournament & event

-------5/24/2022, 7:02:28 PM------
update this season

-------5/24/2022, 7:02:28 PM------
updated this season to 2021-2022

-------5/24/2022, 7:02:28 PM------
update club tournament & event

-------5/24/2022, 7:02:49 PM------
update this season

-------5/24/2022, 7:02:49 PM------
updated this season to 2021-2022

-------5/24/2022, 7:02:49 PM------
update club tournament & event

-------5/24/2022, 7:03:45 PM------
update this season

-------5/24/2022, 7:03:45 PM------
updated this season to 2021-2022

-------5/24/2022, 7:03:45 PM------
update club tournament & event

-------5/24/2022, 7:05:03 PM------
update this season

-------5/24/2022, 7:05:03 PM------
updated this season to 2021-2022

-------5/24/2022, 7:05:03 PM------
update club tournament & event

-------5/24/2022, 7:11:47 PM------
update this season

-------5/24/2022, 7:11:47 PM------
updated this season to 2021-2022

-------5/24/2022, 7:11:47 PM------
update club tournament & event

-------5/24/2022, 7:12:43 PM------
update this season

-------5/24/2022, 7:12:43 PM------
updated this season to 2021-2022

-------5/24/2022, 7:12:43 PM------
update club tournament & event

-------5/24/2022, 7:13:12 PM------
update this season

-------5/24/2022, 7:13:12 PM------
updated this season to 2021-2022

-------5/24/2022, 7:13:12 PM------
update club tournament & event

-------5/24/2022, 7:13:37 PM------
update this season

-------5/24/2022, 7:13:37 PM------
updated this season to 2021-2022

-------5/24/2022, 7:13:37 PM------
update club tournament & event

-------5/24/2022, 7:16:11 PM------
update this season

-------5/24/2022, 7:16:12 PM------
updated this season to 2021-2022

-------5/24/2022, 7:16:12 PM------
update club tournament & event

-------5/24/2022, 7:18:37 PM------
update this season

-------5/24/2022, 7:18:37 PM------
updated this season to 2021-2022

-------5/24/2022, 7:18:37 PM------
update club tournament & event

-------5/24/2022, 7:20:05 PM------
update this season

-------5/24/2022, 7:20:05 PM------
updated this season to 2021-2022

-------5/24/2022, 7:20:05 PM------
update club tournament & event

-------5/24/2022, 7:20:18 PM------
updated club tournament & event successfully

-------5/24/2022, 7:20:35 PM------
update this season

-------5/24/2022, 7:20:35 PM------
updated this season to 2021-2022

-------5/24/2022, 7:20:35 PM------
update club tournament & event

-------5/24/2022, 7:21:33 PM------
update this season

-------5/24/2022, 7:21:33 PM------
updated this season to 2021-2022

-------5/24/2022, 7:21:33 PM------
update club tournament & event

-------5/24/2022, 7:21:43 PM------
update this season

-------5/24/2022, 7:21:43 PM------
updated this season to 2021-2022

-------5/24/2022, 7:21:43 PM------
update club tournament & event

-------5/24/2022, 7:22:21 PM------
update this season

-------5/24/2022, 7:22:21 PM------
update club tournament & event

-------5/24/2022, 7:22:21 PM------
updated this season to 2021-2022

-------5/24/2022, 7:23:26 PM------
update this season

-------5/24/2022, 7:23:26 PM------
updated this season to 2021-2022

-------5/24/2022, 7:23:26 PM------
update club tournament & event

-------5/24/2022, 7:24:22 PM------
updated club tournament & event successfully

-------5/24/2022, 7:40:31 PM------
update this season

-------5/24/2022, 7:40:31 PM------
updated this season to 2021-2022

-------5/24/2022, 7:40:31 PM------
update club tournament & event

-------5/24/2022, 7:48:44 PM------
update this season

-------5/24/2022, 7:48:44 PM------
updated this season to 2021-2022

-------5/24/2022, 7:48:44 PM------
update club tournament & event

-------5/24/2022, 7:49:35 PM------
update this season

-------5/24/2022, 7:49:35 PM------
updated this season to 2021-2022

-------5/24/2022, 7:49:35 PM------
update club tournament & event

-------5/24/2022, 7:51:35 PM------
updated club tournament & event successfully

-------5/24/2022, 7:55:33 PM------
update this season

-------5/24/2022, 7:55:33 PM------
updated this season to 2021-2022

-------5/24/2022, 7:55:33 PM------
update club tournament & event

-------5/24/2022, 7:56:56 PM------
updated club tournament & event successfully

-------5/24/2022, 11:00:39 PM------
start update this season

-------5/24/2022, 11:00:40 PM------
updated this season to 2021-2022

-------5/24/2022, 11:00:40 PM------
start update club grade

-------5/24/2022, 11:05:07 PM------
start update this season

-------5/24/2022, 11:05:07 PM------
updated this season to 2021-2022

-------5/24/2022, 11:05:07 PM------
start update club grade

-------5/24/2022, 11:10:43 PM------
start update this season

-------5/24/2022, 11:10:43 PM------
updated this season to 2021-2022

-------5/24/2022, 11:10:43 PM------
start update club grade

-------5/24/2022, 11:11:12 PM------
start update this season

-------5/24/2022, 11:11:12 PM------
updated this season to 2021-2022

-------5/24/2022, 11:11:12 PM------
start update club grade

-------5/24/2022, 11:13:46 PM------
start update this season

-------5/24/2022, 11:13:46 PM------
updated this season to 2021-2022

-------5/24/2022, 11:13:46 PM------
start update club grade

-------5/24/2022, 11:15:33 PM------
start update this season

-------5/24/2022, 11:15:33 PM------
updated this season to 2021-2022

-------5/24/2022, 11:15:33 PM------
start update club grade

-------5/24/2022, 11:18:35 PM------
start update this season

-------5/24/2022, 11:18:35 PM------
updated this season to 2021-2022

-------5/24/2022, 11:18:35 PM------
start update club grade

-------5/24/2022, 11:50:15 PM------
updated club grade list successfully
