
-------6/2/2022, 9:38:45 AM------
check tournament 2022 World University Games

-------6/2/2022, 9:38:45 AM------
start update club tournament & event

-------6/2/2022, 9:38:45 AM------
check tournament USA Fencing National Championships & July Challenge

-------6/2/2022, 9:38:45 AM------
check tournament AIC Summer Challenge RYC

-------6/2/2022, 9:38:45 AM------
check tournament Fortune Fencing Summer RYC/RJCC & Y8

-------6/2/2022, 9:38:45 AM------
check tournament American Challenge South ROC/RJCC/RYC

-------6/2/2022, 9:38:45 AM------
check tournament Fairfax Challenge Fall RYC/RJCC & Y8

-------6/2/2022, 9:38:45 AM------
check tournament The 30th Annual Crescent City Open

-------6/2/2022, 9:38:45 AM------
check tournament Fortune Fencing SYC/RCC & Y8

-------6/2/2022, 9:38:45 AM------
check tournament Fairfax Challenge Spring RYC/RJCC/ROC

-------6/2/2022, 9:38:45 AM------
check tournament The 30th Annual Crescent City Open

-------6/2/2022, 9:38:45 AM------
check tournament Fortune Fencing Summer RYC/RJCC & Y8

-------6/2/2022, 9:38:45 AM------
check tournament Star Cup RYC/RJCC

-------6/2/2022, 9:38:45 AM------
check tournament Neil Lazar Div1/Div2/Veteran ROC

-------6/2/2022, 9:38:45 AM------
check tournament American Challenge RYC/RJC & Y8 Series #1

-------6/2/2022, 9:38:45 AM------
check tournament Premier Challenge ROC/VET/RJCC

-------6/2/2022, 9:38:45 AM------
updated club tournament & event successfully

-------6/2/2022, 9:39:38 AM------
start update club tournament & event

-------6/2/2022, 9:39:49 AM------
check tournament 2022 World University Games

-------6/2/2022, 9:41:50 AM------
start update club tournament & event

-------6/2/2022, 9:41:53 AM------
check tournament 2022 World University Games

-------6/2/2022, 9:41:53 AM------
check tournament 2022 World University Games - World University Games Men’s Foil (WUGSMF)

-------6/2/2022, 9:41:53 AM------
check tournament 2022 World University Games - World University Games Men’s Epee (WUGSME)

-------6/2/2022, 9:41:53 AM------
check tournament 2022 World University Games - World University Games Men’s Saber (WUGSMS)

-------6/2/2022, 9:41:54 AM------
check tournament 2022 World University Games - World University Games Women’s Foil (WUGSWF)

-------6/2/2022, 9:41:54 AM------
check tournament 2022 World University Games - World University Games Women’s Epee (WUGSWE)

-------6/2/2022, 9:41:54 AM------
check tournament 2022 World University Games - World University Games Women’s Saber (WUGSWS)

-------6/2/2022, 9:41:54 AM------
check tournament USA Fencing National Championships & July Challenge

-------6/2/2022, 9:41:54 AM------
check tournament USA Fencing National Championships & July Challenge - Division I Men’s Epee (DV1ME)

-------6/2/2022, 9:41:57 AM------
check tournament USA Fencing National Championships & July Challenge - Division I Women’s Foil (DV1WF)

-------6/2/2022, 9:42:00 AM------
check tournament USA Fencing National Championships & July Challenge - Division I Men’s Saber (DV1MS)

-------6/2/2022, 9:42:03 AM------
check tournament USA Fencing National Championships & July Challenge - Division I Women’s Epee (DV1WE)

-------6/2/2022, 9:42:04 AM------
check tournament USA Fencing National Championships & July Challenge - Division I Women’s Saber (DV1WS)

-------6/2/2022, 9:42:07 AM------
check tournament USA Fencing National Championships & July Challenge - Division I Men’s Foil (DV1MF)

-------6/2/2022, 9:42:10 AM------
check tournament USA Fencing National Championships & July Challenge - Division IA Men’s Saber (D1AMS)

-------6/2/2022, 9:42:12 AM------
check tournament USA Fencing National Championships & July Challenge - Division IA Women’s Epee (D1AWE)

-------6/2/2022, 9:42:14 AM------
check tournament USA Fencing National Championships & July Challenge - Division IA Men’s Foil (D1AMF)

-------6/2/2022, 9:42:17 AM------
check tournament USA Fencing National Championships & July Challenge - Division IA Men’s Epee (D1AME)

-------6/2/2022, 9:42:21 AM------
check tournament USA Fencing National Championships & July Challenge - Division IA Women’s Foil (D1AWF)

-------6/2/2022, 9:42:23 AM------
check tournament USA Fencing National Championships & July Challenge - Division IA Women’s Saber (D1AWS)

-------6/2/2022, 9:42:24 AM------
check tournament USA Fencing National Championships & July Challenge - Division II Men’s Epee (DV2ME)

-------6/2/2022, 9:42:28 AM------
check tournament USA Fencing National Championships & July Challenge - Division II Women’s Foil (DV2WF)
